# JRE version: OpenJDK Runtime Environment (21.0.7) (build 21.0.7+-13880790-b1038.58)
# Java VM: OpenJDK 64-Bit Server VM (21.0.7+-13880790-b1038.58, mixed mode, tiered, compressed oops, compressed class ptrs, g1 gc, windows-amd64)
GC Precious Log:
 CardTable entry size: 512
 Card Set container configuration: InlinePtr #cards 5 size 8 Array Of Cards #cards 12 size 40 Howl #buckets 4 coarsen threshold 1843 Howl Bitmap #cards 512 size 80 coarsen threshold 460 Card regions per heap region 1 cards per card region 2048
 CPUs: 8 total, 8 available
 Memory: 12003M
 Large Page Support: Disabled
 NUMA Support: Disabled
 Compressed Oops: Enabled (32-bit)
 Heap Region Size: 1M
 Heap Min Capacity: 256M
 Heap Initial Capacity: 256M
 Heap Max Capacity: 512M
 Pre-touch: Disabled
 Parallel Workers: 8
 Concurrent Workers: 2
 Concurrent Refinement Workers: 8
 Periodic GC: Disabled
Heap:
 garbage-first heap   total 277504K, used 241674K [0x00000000e0000000, 0x0000000100000000)
  region size 1024K, 116 young (118784K), 14 survivors (14336K)
 Metaspace       used 138255K, committed 140352K, reserved 458752K
  class space    used 17901K, committed 18944K, reserved 327680K
GC Heap History (20 events):
Event: 162.735 GC heap before
{Heap before GC invocations=117 (full 0):
 garbage-first heap   total 262144K, used 242363K [0x00000000e0000000, 0x0000000100000000)
  region size 1024K, 131 young (134144K), 4 survivors (4096K)
 Metaspace       used 64800K, committed 66240K, reserved 393216K
  class space    used 8657K, committed 9344K, reserved 327680K
}
Event: 162.740 GC heap after
{Heap after GC invocations=118 (full 0):
 garbage-first heap   total 262144K, used 113374K [0x00000000e0000000, 0x0000000100000000)
  region size 1024K, 5 young (5120K), 5 survivors (5120K)
 Metaspace       used 64800K, committed 66240K, reserved 393216K
  class space    used 8657K, committed 9344K, reserved 327680K
}
Event: 164.924 GC heap before
{Heap before GC invocations=119 (full 0):
 garbage-first heap   total 262144K, used 248542K [0x00000000e0000000, 0x0000000100000000)
  region size 1024K, 130 young (133120K), 5 survivors (5120K)
 Metaspace       used 67356K, committed 68800K, reserved 393216K
  class space    used 8916K, committed 9600K, reserved 327680K
}
Event: 164.929 GC heap after
{Heap after GC invocations=120 (full 0):
 garbage-first heap   total 262144K, used 110996K [0x00000000e0000000, 0x0000000100000000)
  region size 1024K, 3 young (3072K), 3 survivors (3072K)
 Metaspace       used 67356K, committed 68800K, reserved 393216K
  class space    used 8916K, committed 9600K, reserved 327680K
}
Event: 166.477 GC heap before
{Heap before GC invocations=120 (full 0):
 garbage-first heap   total 262144K, used 243092K [0x00000000e0000000, 0x0000000100000000)
  region size 1024K, 132 young (135168K), 3 survivors (3072K)
 Metaspace       used 67361K, committed 68800K, reserved 393216K
  class space    used 8916K, committed 9600K, reserved 327680K
}
Event: 166.482 GC heap after
{Heap after GC invocations=121 (full 0):
 garbage-first heap   total 262144K, used 110807K [0x00000000e0000000, 0x0000000100000000)
  region size 1024K, 4 young (4096K), 4 survivors (4096K)
 Metaspace       used 67361K, committed 68800K, reserved 393216K
  class space    used 8916K, committed 9600K, reserved 327680K
}
Event: 167.205 GC heap before
{Heap before GC invocations=121 (full 0):
 garbage-first heap   total 262144K, used 242903K [0x00000000e0000000, 0x0000000100000000)
  region size 1024K, 133 young (136192K), 4 survivors (4096K)
 Metaspace       used 67362K, committed 68800K, reserved 393216K
  class space    used 8916K, committed 9600K, reserved 327680K
}
Event: 167.210 GC heap after
{Heap after GC invocations=122 (full 0):
 garbage-first heap   total 262144K, used 113113K [0x00000000e0000000, 0x0000000100000000)
  region size 1024K, 7 young (7168K), 7 survivors (7168K)
 Metaspace       used 67362K, committed 68800K, reserved 393216K
  class space    used 8916K, committed 9600K, reserved 327680K
}
Event: 168.031 GC heap before
{Heap before GC invocations=123 (full 0):
 garbage-first heap   total 262144K, used 239065K [0x00000000e0000000, 0x0000000100000000)
  region size 1024K, 130 young (133120K), 7 survivors (7168K)
 Metaspace       used 67362K, committed 68800K, reserved 393216K
  class space    used 8916K, committed 9600K, reserved 327680K
}
Event: 168.040 GC heap after
{Heap after GC invocations=124 (full 0):
 garbage-first heap   total 262144K, used 114940K [0x00000000e0000000, 0x0000000100000000)
  region size 1024K, 8 young (8192K), 8 survivors (8192K)
 Metaspace       used 67362K, committed 68800K, reserved 393216K
  class space    used 8916K, committed 9600K, reserved 327680K
}
Event: 172.593 GC heap before
{Heap before GC invocations=124 (full 0):
 garbage-first heap   total 262144K, used 238844K [0x00000000e0000000, 0x0000000100000000)
  region size 1024K, 129 young (132096K), 8 survivors (8192K)
 Metaspace       used 77034K, committed 78464K, reserved 458752K
  class space    used 10631K, committed 11328K, reserved 327680K
}
Event: 172.599 GC heap after
{Heap after GC invocations=125 (full 0):
 garbage-first heap   total 262144K, used 101375K [0x00000000e0000000, 0x0000000100000000)
  region size 1024K, 3 young (3072K), 3 survivors (3072K)
 Metaspace       used 77034K, committed 78464K, reserved 458752K
  class space    used 10631K, committed 11328K, reserved 327680K
}
Event: 175.266 GC heap before
{Heap before GC invocations=125 (full 0):
 garbage-first heap   total 262144K, used 148479K [0x00000000e0000000, 0x0000000100000000)
  region size 1024K, 50 young (51200K), 3 survivors (3072K)
 Metaspace       used 85196K, committed 86656K, reserved 458752K
  class space    used 11655K, committed 12352K, reserved 327680K
}
Event: 175.275 GC heap after
{Heap after GC invocations=126 (full 0):
 garbage-first heap   total 262144K, used 102260K [0x00000000e0000000, 0x0000000100000000)
  region size 1024K, 4 young (4096K), 4 survivors (4096K)
 Metaspace       used 85196K, committed 86656K, reserved 458752K
  class space    used 11655K, committed 12352K, reserved 327680K
}
Event: 184.288 GC heap before
{Heap before GC invocations=127 (full 0):
 garbage-first heap   total 262144K, used 256884K [0x00000000e0000000, 0x0000000100000000)
  region size 1024K, 141 young (144384K), 4 survivors (4096K)
 Metaspace       used 98347K, committed 100160K, reserved 458752K
  class space    used 13119K, committed 14016K, reserved 327680K
}
Event: 184.322 GC heap after
{Heap after GC invocations=128 (full 0):
 garbage-first heap   total 277504K, used 125607K [0x00000000e0000000, 0x0000000100000000)
  region size 1024K, 18 young (18432K), 18 survivors (18432K)
 Metaspace       used 98347K, committed 100160K, reserved 458752K
  class space    used 13119K, committed 14016K, reserved 327680K
}
Event: 192.741 GC heap before
{Heap before GC invocations=128 (full 0):
 garbage-first heap   total 277504K, used 244391K [0x00000000e0000000, 0x0000000100000000)
  region size 1024K, 133 young (136192K), 18 survivors (18432K)
 Metaspace       used 108293K, committed 110144K, reserved 458752K
  class space    used 14292K, committed 15168K, reserved 327680K
}
Event: 192.783 GC heap after
{Heap after GC invocations=129 (full 0):
 garbage-first heap   total 277504K, used 134382K [0x00000000e0000000, 0x0000000100000000)
  region size 1024K, 9 young (9216K), 9 survivors (9216K)
 Metaspace       used 108293K, committed 110144K, reserved 458752K
  class space    used 14292K, committed 15168K, reserved 327680K
}
Event: 205.419 GC heap before
{Heap before GC invocations=129 (full 0):
 garbage-first heap   total 277504K, used 251118K [0x00000000e0000000, 0x0000000100000000)
  region size 1024K, 124 young (126976K), 9 survivors (9216K)
 Metaspace       used 124724K, committed 126528K, reserved 458752K
  class space    used 16043K, committed 16896K, reserved 327680K
}
Event: 205.439 GC heap after
{Heap after GC invocations=130 (full 0):
 garbage-first heap   total 277504K, used 139274K [0x00000000e0000000, 0x0000000100000000)
  region size 1024K, 14 young (14336K), 14 survivors (14336K)
 Metaspace       used 124724K, committed 126528K, reserved 458752K
  class space    used 16043K, committed 16896K, reserved 327680K
}

